Traceback (most recent call last):
  File "/opt/anaconda3/lib/python3.11/site-packages/jupyter_cache/executors/utils.py", line 58, in single_nb_execution
    executenb(
  File "/opt/anaconda3/lib/python3.11/site-packages/nbclient/client.py", line 1305, in execute
    return NotebookClient(nb=nb, resources=resources, km=km, **kwargs).execute()
           ^^^^^^^^^^^^^^^^^^^^^^^^^^^^^^^^^^^^^^^^^^^^^^^^^^^^^^^^^^^^^^^^^^^^^
  File "/opt/anaconda3/lib/python3.11/site-packages/jupyter_core/utils/__init__.py", line 173, in wrapped
    return loop.run_until_complete(inner)
           ^^^^^^^^^^^^^^^^^^^^^^^^^^^^^^
  File "/opt/anaconda3/lib/python3.11/asyncio/base_events.py", line 654, in run_until_complete
    return future.result()
           ^^^^^^^^^^^^^^^
  File "/opt/anaconda3/lib/python3.11/site-packages/nbclient/client.py", line 705, in async_execute
    await self.async_execute_cell(
  File "/opt/anaconda3/lib/python3.11/site-packages/nbclient/client.py", line 1058, in async_execute_cell
    await self._check_raise_for_error(cell, cell_index, exec_reply)
  File "/opt/anaconda3/lib/python3.11/site-packages/nbclient/client.py", line 914, in _check_raise_for_error
    raise CellExecutionError.from_cell_and_msg(cell, exec_reply_content)
nbclient.exceptions.CellExecutionError: An error occurred while executing the following cell:
------------------
## a results here
x = history['log_Teff']
y = history['log_L']
c = history['log_abs_mdot']
mass = history['star_mass']

cmap = 'magma'

fig, ax = plt.subplots()
ax.scatter(x, y, c=c, cmap=cmap)
ax.scatter(x, np.log10(Ledd))
ax.invert_xaxis()
lines = colored_line(x, y, c, ax, linewidth=1, cmap="plasma")
fig.colorbar(lines)  # add a color legend
#plt.axhline(5.8,xmin=4)




plt.show()
------------------


[0;31m---------------------------------------------------------------------------[0m
[0;31mNameError[0m                                 Traceback (most recent call last)
Cell [0;32mIn[4], line 11[0m
[1;32m      9[0m fig, ax [38;5;241m=[39m plt[38;5;241m.[39msubplots()
[1;32m     10[0m ax[38;5;241m.[39mscatter(x, y, c[38;5;241m=[39mc, cmap[38;5;241m=[39mcmap)
[0;32m---> 11[0m ax[38;5;241m.[39mscatter(x, np[38;5;241m.[39mlog10(Ledd))
[1;32m     12[0m ax[38;5;241m.[39minvert_xaxis()
[1;32m     13[0m lines [38;5;241m=[39m colored_line(x, y, c, ax, linewidth[38;5;241m=[39m[38;5;241m1[39m, cmap[38;5;241m=[39m[38;5;124m"[39m[38;5;124mplasma[39m[38;5;124m"[39m)

[0;31mNameError[0m: name 'Ledd' is not defined

